Release 14.4 - xst P.49d (nt64)
Copyright (c) 1995-2012 Xilinx, Inc.  All rights reserved.
--> Parameter TMPDIR set to xst/projnav.tmp


Total REAL time to Xst completion: 0.00 secs
Total CPU time to Xst completion: 0.39 secs
 
--> Parameter xsthdpdir set to xst


Total REAL time to Xst completion: 0.00 secs
Total CPU time to Xst completion: 0.39 secs
 
--> Reading design: csa_8_bit.prj

TABLE OF CONTENTS
  1) Synthesis Options Summary
  2) HDL Parsing
  3) HDL Elaboration
  4) HDL Synthesis
       4.1) HDL Synthesis Report
  5) Advanced HDL Synthesis
       5.1) Advanced HDL Synthesis Report
  6) Low Level Synthesis
  7) Partition Report
  8) Design Summary
       8.1) Primitive and Black Box Usage
       8.2) Device utilization summary
       8.3) Partition Resource Summary
       8.4) Timing Report
            8.4.1) Clock Information
            8.4.2) Asynchronous Control Signals Information
            8.4.3) Timing Summary
            8.4.4) Timing Details
            8.4.5) Cross Clock Domains Report


=========================================================================
*                      Synthesis Options Summary                        *
=========================================================================
---- Source Parameters
Input File Name                    : "csa_8_bit.prj"
Ignore Synthesis Constraint File   : NO

---- Target Parameters
Output File Name                   : "csa_8_bit"
Output Format                      : NGC
Target Device                      : xc6slx16-3-csg324

---- Source Options
Top Module Name                    : csa_8_bit
Automatic FSM Extraction           : YES
FSM Encoding Algorithm             : Auto
Safe Implementation                : No
FSM Style                          : LUT
RAM Extraction                     : Yes
RAM Style                          : Auto
ROM Extraction                     : Yes
Shift Register Extraction          : YES
ROM Style                          : Auto
Resource Sharing                   : YES
Asynchronous To Synchronous        : NO
Shift Register Minimum Size        : 2
Use DSP Block                      : Auto
Automatic Register Balancing       : No

---- Target Options
LUT Combining                      : Auto
Reduce Control Sets                : Auto
Add IO Buffers                     : YES
Global Maximum Fanout              : 100000
Add Generic Clock Buffer(BUFG)     : 16
Register Duplication               : YES
Optimize Instantiated Primitives   : NO
Use Clock Enable                   : Auto
Use Synchronous Set                : Auto
Use Synchronous Reset              : Auto
Pack IO Registers into IOBs        : Auto
Equivalent register Removal        : YES

---- General Options
Optimization Goal                  : Speed
Optimization Effort                : 1
Power Reduction                    : NO
Keep Hierarchy                     : No
Netlist Hierarchy                  : As_Optimized
RTL Output                         : Yes
Global Optimization                : AllClockNets
Read Cores                         : YES
Write Timing Constraints           : NO
Cross Clock Analysis               : NO
Hierarchy Separator                : /
Bus Delimiter                      : <>
Case Specifier                     : Maintain
Slice Utilization Ratio            : 100
BRAM Utilization Ratio             : 100
DSP48 Utilization Ratio            : 100
Auto BRAM Packing                  : NO
Slice Utilization Ratio Delta      : 5

=========================================================================


=========================================================================
*                          HDL Parsing                                  *
=========================================================================
Analyzing Verilog file "C:\Xilinx\project1-abdulla\rca.v" into library work
Parsing module <full_adder>.
Parsing module <n_ripple_adder>.
Parsing module <mux_2_1>.
Parsing module <mux_2_4>.
Parsing module <full_adder_p>.
Parsing module <csa_4_bit>.
Parsing module <csa_8_bit>.
Parsing module <n_carry_skip_adder>.
Parsing module <square_root_adder>.

=========================================================================
*                            HDL Elaboration                            *
=========================================================================

Elaborating module <csa_8_bit>.

Elaborating module <csa_4_bit>.

Elaborating module <full_adder_p>.
WARNING:HDLCompiler:1127 - "C:\Xilinx\project1-abdulla\rca.v" Line 137: Assignment to c00 ignored, since the identifier is never used
WARNING:HDLCompiler:1127 - "C:\Xilinx\project1-abdulla\rca.v" Line 138: Assignment to c10 ignored, since the identifier is never used
WARNING:HDLCompiler:1127 - "C:\Xilinx\project1-abdulla\rca.v" Line 140: Assignment to c01 ignored, since the identifier is never used
WARNING:HDLCompiler:1127 - "C:\Xilinx\project1-abdulla\rca.v" Line 141: Assignment to c11 ignored, since the identifier is never used

Elaborating module <mux_2_4>.

Elaborating module <mux_2_1>.

=========================================================================
*                           HDL Synthesis                               *
=========================================================================

Synthesizing Unit <csa_8_bit>.
    Related source file is "C:\Xilinx\project1-abdulla\rca.v".
INFO:Xst:3210 - "C:\Xilinx\project1-abdulla\rca.v" line 137: Output port <c_out> of the instance <CSA400> is unconnected or connected to loadless signal.
INFO:Xst:3210 - "C:\Xilinx\project1-abdulla\rca.v" line 137: Output port <p> of the instance <CSA400> is unconnected or connected to loadless signal.
INFO:Xst:3210 - "C:\Xilinx\project1-abdulla\rca.v" line 138: Output port <c_out> of the instance <CSA410> is unconnected or connected to loadless signal.
INFO:Xst:3210 - "C:\Xilinx\project1-abdulla\rca.v" line 138: Output port <p> of the instance <CSA410> is unconnected or connected to loadless signal.
INFO:Xst:3210 - "C:\Xilinx\project1-abdulla\rca.v" line 140: Output port <c_out> of the instance <CSA401> is unconnected or connected to loadless signal.
INFO:Xst:3210 - "C:\Xilinx\project1-abdulla\rca.v" line 140: Output port <p> of the instance <CSA401> is unconnected or connected to loadless signal.
INFO:Xst:3210 - "C:\Xilinx\project1-abdulla\rca.v" line 141: Output port <c_out> of the instance <CSA411> is unconnected or connected to loadless signal.
INFO:Xst:3210 - "C:\Xilinx\project1-abdulla\rca.v" line 141: Output port <p> of the instance <CSA411> is unconnected or connected to loadless signal.
    Summary:
	no macro.
Unit <csa_8_bit> synthesized.

Synthesizing Unit <csa_4_bit>.
    Related source file is "C:\Xilinx\project1-abdulla\rca.v".
    Summary:
	no macro.
Unit <csa_4_bit> synthesized.

Synthesizing Unit <full_adder_p>.
    Related source file is "C:\Xilinx\project1-abdulla\rca.v".
    Found 2-bit adder for signal <n0010> created at line 99.
    Found 2-bit adder for signal <n0004> created at line 99.
    Summary:
	inferred   2 Adder/Subtractor(s).
Unit <full_adder_p> synthesized.

Synthesizing Unit <mux_2_4>.
    Related source file is "C:\Xilinx\project1-abdulla\rca.v".
    Summary:
	no macro.
Unit <mux_2_4> synthesized.

Synthesizing Unit <mux_2_1>.
    Related source file is "C:\Xilinx\project1-abdulla\rca.v".
    Summary:
	no macro.
Unit <mux_2_1> synthesized.

=========================================================================
HDL Synthesis Report

Macro Statistics
# Adders/Subtractors                                   : 32
 2-bit adder                                           : 32
# Xors                                                 : 16
 1-bit xor2                                            : 16

=========================================================================

=========================================================================
*                       Advanced HDL Synthesis                          *
=========================================================================


=========================================================================
Advanced HDL Synthesis Report

Macro Statistics
# Adders/Subtractors                                   : 16
 2-bit adder carry in                                  : 16
# Xors                                                 : 16
 1-bit xor2                                            : 16

=========================================================================

=========================================================================
*                         Low Level Synthesis                           *
=========================================================================

Optimizing unit <csa_8_bit> ...

Mapping all equations...
Building and optimizing final netlist ...
Found area constraint ratio of 100 (+ 5) on block csa_8_bit, actual ratio is 0.

Final Macro Processing ...

=========================================================================
Final Register Report

Found no macro
=========================================================================

=========================================================================
*                           Partition Report                            *
=========================================================================

Partition Implementation Status
-------------------------------

  No Partitions were found in this design.

-------------------------------

=========================================================================
*                            Design Summary                             *
=========================================================================

Top Level Output File Name         : csa_8_bit.ngc

Primitive and Black Box Usage:
------------------------------
# BELS                             : 15
#      LUT2                        : 5
#      LUT3                        : 2
#      LUT5                        : 6
#      LUT6                        : 2
# IO Buffers                       : 25
#      IBUF                        : 17
#      OBUF                        : 8

Device utilization summary:
---------------------------

Selected Device : 6slx16csg324-3 


Slice Logic Utilization: 
 Number of Slice LUTs:                   15  out of   9112     0%  
    Number used as Logic:                15  out of   9112     0%  

Slice Logic Distribution: 
 Number of LUT Flip Flop pairs used:     15
   Number with an unused Flip Flop:      15  out of     15   100%  
   Number with an unused LUT:             0  out of     15     0%  
   Number of fully used LUT-FF pairs:     0  out of     15     0%  
   Number of unique control sets:         0

IO Utilization: 
 Number of IOs:                          27
 Number of bonded IOBs:                  25  out of    232    10%  

Specific Feature Utilization:

---------------------------
Partition Resource Summary:
---------------------------

  No Partitions were found in this design.

---------------------------


=========================================================================
Timing Report

NOTE: THESE TIMING NUMBERS ARE ONLY A SYNTHESIS ESTIMATE.
      FOR ACCURATE TIMING INFORMATION PLEASE REFER TO THE TRACE REPORT
      GENERATED AFTER PLACE-and-ROUTE.

Clock Information:
------------------
No clock signals found in this design

Asynchronous Control Signals Information:
----------------------------------------
No asynchronous control signals found in this design

Timing Summary:
---------------
Speed Grade: -3

   Minimum period: No path found
   Minimum input arrival time before clock: No path found
   Maximum output required time after clock: No path found
   Maximum combinational path delay: 6.509ns

Timing Details:
---------------
All values displayed in nanoseconds (ns)

=========================================================================
Timing constraint: Default path analysis
  Total number of paths / destination ports: 51 / 8
-------------------------------------------------------------------------
Delay:               6.509ns (Levels of Logic = 4)
  Source:            a<5> (PAD)
  Destination:       sum<6> (PAD)

  Data Path: a<5> to sum<6>
                                Gate     Net
    Cell:in->out      fanout   Delay   Delay  Logical Name (Net Name)
    ----------------------------------------  ------------
     IBUF:I->O             4   1.222   0.788  a_5_IBUF (a_5_IBUF)
     LUT2:I0->O            1   0.203   0.944  CSA410/CSA1/Madd_n0004_Madd_lut<0>1 (CSA410/CSA1/Madd_n0004_Madd_lut<0>)
     LUT6:I0->O            1   0.203   0.579  MUX2/MUX2/out1 (sum_6_OBUF)
     OBUF:I->O                 2.571          sum_6_OBUF (sum<6>)
    ----------------------------------------
    Total                      6.509ns (4.199ns logic, 2.310ns route)
                                       (64.5% logic, 35.5% route)

=========================================================================

Cross Clock Domains Report:
--------------------------

=========================================================================


Total REAL time to Xst completion: 8.00 secs
Total CPU time to Xst completion: 7.94 secs
 
--> 

Total memory usage is 256776 kilobytes

Number of errors   :    0 (   0 filtered)
Number of warnings :    4 (   0 filtered)
Number of infos    :    8 (   0 filtered)

